<ns0:test-suite xmlns:ns0="urn:model.allure.qatools.yandex.ru" start="1560476552318" stop="1560476552499">
  <name>scripts</name>
  <labels/>
  <test-cases>
    <test-case start="1560476552318" status="failed" stop="1560476552489">
      <name>D:\就业班学习课件\APP自动化\代码\Jenkins上传\scripts.test_login.TestLogin.test_001</name>
      <failure>
        <message>AssertionError: assert 0</message>
        <stack-trace>self = &lt;scripts.test_login.TestLogin object at 0x00000244B39F55C0&gt;

    def test_001(self):
&gt;       assert 0
E       assert 0

scripts\test_login.py:3: AssertionError</stack-trace>
      </failure>
      <attachments/>
      <labels>
        <label name="severity" value="normal"/>
        <label name="thread" value="8356-MainThread"/>
        <label name="host" value="PC-20190324ALRO"/>
        <label name="framework" value="pytest"/>
        <label name="language" value="cpython3"/>
      </labels>
      <steps/>
    </test-case>
    <test-case start="1560476552489" status="passed" stop="1560476552489">
      <name>D:\就业班学习课件\APP自动化\代码\Jenkins上传\scripts.test_login.TestLogin.test_002</name>
      <attachments/>
      <labels>
        <label name="severity" value="normal"/>
        <label name="thread" value="8356-MainThread"/>
        <label name="host" value="PC-20190324ALRO"/>
        <label name="framework" value="pytest"/>
        <label name="language" value="cpython3"/>
      </labels>
      <steps/>
    </test-case>
    <test-case start="1560476552489" status="passed" stop="1560476552499">
      <name>D:\就业班学习课件\APP自动化\代码\Jenkins上传\scripts.test_login.TestLogin.test_003</name>
      <attachments/>
      <labels>
        <label name="severity" value="normal"/>
        <label name="thread" value="8356-MainThread"/>
        <label name="host" value="PC-20190324ALRO"/>
        <label name="framework" value="pytest"/>
        <label name="language" value="cpython3"/>
      </labels>
      <steps/>
    </test-case>
  </test-cases>
</ns0:test-suite>
